<?xml version="1.0" encoding="UTF-8"?>
<!-- Generated by org.testng.reporters.JUnitXMLReporter -->
<testsuite ignored="0" hostname="DESKTOP-JFCTA9I" failures="0" tests="4" name="Articles API Test" time="7.7" errors="0" timestamp="2023-04-07T14:14:33 IST">
  <testcase classname="apiAssignment.testcases.stripe.UsersAPITest" name="loginTest" time="2.655"/>
  <testcase classname="apiAssignment.testcases.stripe.UsersAPITest" name="createNewUserTest" time="2.134"/>
  <testcase classname="apiAssignment.testcases.stripe.UsersAPITest" name="updateUserTest" time="1.461"/>
  <testcase classname="apiAssignment.testcases.stripe.UsersAPITest" name="deleteUserTest" time="1.386"/>
</testsuite> <!-- Articles API Test -->
