<?xml version="1.0" encoding="UTF-8"?>
<!-- Generated by org.testng.reporters.JUnitXMLReporter -->
<testsuite ignored="0" hostname="DESKTOP-JFCTA9I" failures="0" tests="2" name="Comments API Test" time="6.432" errors="0" timestamp="2023-03-30T18:32:13 IST">
  <testcase classname="bbAPIAssignment.testcases.stripe.CommentsAPITest" name="getCommentsTest" time="2.664"/>
  <testcase classname="bbAPIAssignment.testcases.stripe.CommentsAPITest" name="createCommentTest" time="3.761"/>
</testsuite> <!-- Comments API Test -->
