<?xml version="1.0" encoding="UTF-8"?>
<!-- Generated by org.testng.reporters.JUnitXMLReporter -->
<testsuite ignored="0" hostname="DESKTOP-JFCTA9I" failures="2" tests="2" name="Delete Customer API Test" time="0.042" errors="0" timestamp="2023-03-27T13:19:57 IST">
  <testcase classname="com.w2a.APITestingFramework.testcases.stripe.DeleteCustomerTest" name="deleteCustomer" time="0.007">
    <failure type="java.lang.IllegalArgumentException" message="userName cannot be null">
      <![CDATA[java.lang.IllegalArgumentException: userName cannot be null
at org.codehaus.groovy.runtime.callsite.ConstructorSite$ConstructorSiteNoUnwrap.callConstructor(ConstructorSite.java:84)
at org.codehaus.groovy.runtime.callsite.CallSiteArray.defaultCallConstructor(CallSiteArray.java:59)
at org.codehaus.groovy.runtime.callsite.AbstractCallSite.callConstructor(AbstractCallSite.java:263)
at org.codehaus.groovy.runtime.callsite.AbstractCallSite.callConstructor(AbstractCallSite.java:277)
at io.restassured.internal.common.assertion.AssertParameter.notNull(AssertParameter.groovy:26)
at io.restassured.internal.common.assertion.AssertParameter$notNull.callStatic(Unknown Source)
at org.codehaus.groovy.runtime.callsite.CallSiteArray.defaultCallStatic(CallSiteArray.java:55)
at io.restassured.internal.common.assertion.AssertParameter$notNull.callStatic(Unknown Source)
at io.restassured.internal.AuthenticationSpecificationImpl.basic(AuthenticationSpecificationImpl.groovy:46)
at com.w2a.APITestingFramework.APIs.stripe.DeleteCustomerAPI.sendDeleteRequestToDeleteCustomerAPIWithValidID(DeleteCustomerAPI.java:16)
at com.w2a.APITestingFramework.testcases.stripe.DeleteCustomerTest.deleteCustomer(DeleteCustomerTest.java:27)
at java.base/java.util.ArrayList.forEach(ArrayList.java:1511)
... Removed 34 stack frames]]>
    </failure>
  </testcase> <!-- deleteCustomer -->
  <testcase classname="com.w2a.APITestingFramework.testcases.stripe.DeleteCustomerTest" name="deleteCustomer" time="0.002">
    <failure type="java.lang.IllegalArgumentException" message="userName cannot be null">
      <![CDATA[java.lang.IllegalArgumentException: userName cannot be null
at org.codehaus.groovy.runtime.callsite.ConstructorSite$ConstructorSiteNoUnwrap.callConstructor(ConstructorSite.java:84)
at org.codehaus.groovy.runtime.callsite.AbstractCallSite.callConstructor(AbstractCallSite.java:277)
at io.restassured.internal.common.assertion.AssertParameter.notNull(AssertParameter.groovy:26)
at io.restassured.internal.common.assertion.AssertParameter$notNull.callStatic(Unknown Source)
at io.restassured.internal.AuthenticationSpecificationImpl.basic(AuthenticationSpecificationImpl.groovy:46)
at com.w2a.APITestingFramework.APIs.stripe.DeleteCustomerAPI.sendDeleteRequestToDeleteCustomerAPIWithValidID(DeleteCustomerAPI.java:16)
at com.w2a.APITestingFramework.testcases.stripe.DeleteCustomerTest.deleteCustomer(DeleteCustomerTest.java:27)
at java.base/java.util.ArrayList.forEach(ArrayList.java:1511)
... Removed 34 stack frames]]>
    </failure>
  </testcase> <!-- deleteCustomer -->
</testsuite> <!-- Delete Customer API Test -->
