<?xml version="1.0" encoding="UTF-8"?>
<!-- Generated by org.testng.reporters.JUnitXMLReporter -->
<testsuite ignored="0" hostname="DESKTOP-JFCTA9I" failures="0" tests="6" name="Create New Article Test" time="31.983" errors="0" timestamp="26 Mar 2023 08:23:52 GMT">
  <testcase classname="bb.tests.SettingsTest" name="updateUsername" time="2.508"/>
  <testcase classname="bb.tests.SettingsTest" name="updateUsername" time="2.213"/>
  <testcase classname="bb.tests.SettingsTest" name="loginAfterPasswordChange" time="0.342"/>
  <testcase classname="bb.tests.SettingsTest" name="loginAfterPasswordChange" time="0.297"/>
  <testcase classname="bb.tests.SettingsTest" name="logoutApp" time="1.068"/>
  <testcase classname="bb.tests.SettingsTest" name="logoutApp" time="0.869"/>
</testsuite> <!-- Create New Article Test -->
