<?xml version="1.0" encoding="UTF-8"?>
<!-- Generated by org.testng.reporters.JUnitXMLReporter -->
<testsuite ignored="0" hostname="DESKTOP-JFCTA9I" failures="0" tests="3" name="create article test" time="38.149" errors="0" timestamp="25 Mar 2023 10:27:58 GMT">
  <testcase classname="bb.tests.CreateNewArticle" name="createArticle" time="13.036"/>
  <testcase classname="bb.tests.CreateNewArticle" name="createArticle" time="11.957"/>
  <testcase classname="bb.tests.CreateNewArticle" name="editArticle" time="0.0"/>
</testsuite> <!-- create article test -->
