<?xml version="1.0" encoding="UTF-8"?>
<!-- Generated by org.testng.reporters.JUnitXMLReporter -->
<testsuite ignored="0" hostname="DESKTOP-JFCTA9I" failures="0" tests="7" name="Customer test" time="40.405" errors="0" timestamp="07 Apr 2023 10:48:53 GMT">
  <testcase classname="assignment.tests.CustomerTests" name="CustomerTest" time="3.78"/>
  <testcase classname="assignment.tests.CustomerTests" name="CustomerTest" time="2.88"/>
  <testcase classname="assignment.tests.CustomerTests" name="CustomerTest" time="2.646"/>
  <testcase classname="assignment.tests.CustomerTests" name="CustomerTest" time="2.913"/>
  <testcase classname="assignment.tests.CustomerTests" name="CustomerTest" time="3.338"/>
  <testcase classname="assignment.tests.CustomerTests" name="CustomerTest" time="2.85"/>
  <testcase classname="assignment.tests.CustomerTests" name="CustomerTest" time="2.698"/>
</testsuite> <!-- Customer test -->
