<?xml version="1.0" encoding="UTF-8"?>
<testng-results ignored="0" total="4" passed="4" failed="0" skipped="0">
  <reporter-output>
  </reporter-output>
  <suite started-at="2023-04-07T14:14:25 IST" name="Suite" finished-at="2023-04-07T14:14:33 IST" duration-ms="7700">
    <groups>
    </groups>
    <test started-at="2023-04-07T14:14:25 IST" name="Articles API Test" finished-at="2023-04-07T14:14:33 IST" duration-ms="7700">
      <class name="apiAssignment.testcases.stripe.UsersAPITest">
        <test-method is-config="true" signature="setUp()[pri:0, instance:apiAssignment.testcases.stripe.UsersAPITest@3dddefd8]" started-at="2023-04-07T14:14:24 IST" name="setUp" finished-at="2023-04-07T14:14:25 IST" duration-ms="480" status="PASS">
          <reporter-output>
          </reporter-output>
        </test-method> <!-- setUp -->
        <test-method signature="loginTest()[pri:0, instance:apiAssignment.testcases.stripe.UsersAPITest@3dddefd8]" started-at="2023-04-07T14:14:25 IST" name="loginTest" finished-at="2023-04-07T14:14:28 IST" duration-ms="2655" status="PASS">
          <reporter-output>
          </reporter-output>
        </test-method> <!-- loginTest -->
        <test-method signature="createNewUserTest(java.util.Hashtable)[pri:1, instance:apiAssignment.testcases.stripe.UsersAPITest@3dddefd8]" started-at="2023-04-07T14:14:28 IST" name="createNewUserTest" data-provider="data" finished-at="2023-04-07T14:14:30 IST" depends-on-methods="apiAssignment.testcases.stripe.UsersAPITest.loginTest" duration-ms="2134" status="PASS">
          <params>
            <param index="0">
              <value>
                <![CDATA[{phone=5678, userStatus=1, password=1234, email=par@par.com, lastName=kaur, firstName=parv, userName=parvinder, id=11}]]>
              </value>
            </param>
          </params>
          <reporter-output>
          </reporter-output>
        </test-method> <!-- createNewUserTest -->
        <test-method signature="updateUserTest(java.util.Hashtable)[pri:0, instance:apiAssignment.testcases.stripe.UsersAPITest@3dddefd8]" started-at="2023-04-07T14:14:30 IST" name="updateUserTest" data-provider="data" finished-at="2023-04-07T14:14:31 IST" depends-on-methods="apiAssignment.testcases.stripe.UsersAPITest.createNewUserTest" duration-ms="1461" status="PASS">
          <params>
            <param index="0">
              <value>
                <![CDATA[{phone=567800, userStatus=1, password=1234567, email=par@par.com, lastName=kaur, firstName=parv_updated, userName=parvinder, id=11}]]>
              </value>
            </param>
          </params>
          <reporter-output>
          </reporter-output>
        </test-method> <!-- updateUserTest -->
        <test-method signature="deleteUserTest()[pri:0, instance:apiAssignment.testcases.stripe.UsersAPITest@3dddefd8]" started-at="2023-04-07T14:14:31 IST" name="deleteUserTest" finished-at="2023-04-07T14:14:33 IST" depends-on-methods="apiAssignment.testcases.stripe.UsersAPITest.updateUserTest" duration-ms="1386" status="PASS">
          <reporter-output>
          </reporter-output>
        </test-method> <!-- deleteUserTest -->
        <test-method is-config="true" signature="tearDown()[pri:0, instance:apiAssignment.testcases.stripe.UsersAPITest@3dddefd8]" started-at="2023-04-07T14:14:33 IST" name="tearDown" finished-at="2023-04-07T14:14:33 IST" duration-ms="0" status="PASS">
          <reporter-output>
          </reporter-output>
        </test-method> <!-- tearDown -->
      </class> <!-- apiAssignment.testcases.stripe.UsersAPITest -->
    </test> <!-- Articles API Test -->
  </suite> <!-- Suite -->
</testng-results>
